p/1677647954781.jpg 1 0 0 224 224
p/1677647954784.jpg 1 0 0 224 224
p/1677647954787.jpg 1 0 0 224 224
p/1677647954788.jpg 1 0 0 224 224
p/1677647954790.jpg 1 0 0 224 224
p/1677647954792.jpg 1 0 0 224 224
p/1677647954794.jpg 1 0 0 224 224
p/1677647954796.jpg 1 0 0 224 224
p/1677647954798.jpg 1 0 0 224 224
p/1677647954800.jpg 1 0 0 224 224
p/1677647954802.jpg 1 0 0 224 224
p/1677647954804.jpg 1 0 0 224 224
p/1677647954807.jpg 1 0 0 224 224
p/1677647954808.jpg 1 0 0 224 224
p/1677647954811.jpg 1 0 0 224 224
p/1677647954812.jpg 1 0 0 224 224
p/1677647954814.jpg 1 0 0 224 224
p/1677642907962.jpg 1 0 0 224 224
p/1677642907964.jpg 1 0 0 224 224
p/1677642907965.jpg 1 0 0 224 224
p/1677642907966.jpg 1 0 0 224 224
p/1677642907967.jpg 1 0 0 224 224
p/1677642907968.jpg 1 0 0 224 224
p/1677642907969.jpg 1 0 0 224 224
p/1677642907970.jpg 1 0 0 224 224
p/1677642907971.jpg 1 0 0 224 224
p/1677642907972.jpg 1 0 0 224 224
p/1677642907973.jpg 1 0 0 224 224
p/1677642907974.jpg 1 0 0 224 224
p/1677642907976.jpg 1 0 0 224 224
p/1677642907978.jpg 1 0 0 224 224
p/1677642907979.jpg 1 0 0 224 224
p/1677642907980.jpg 1 0 0 224 224
p/1677642907981.jpg 1 0 0 224 224
p/1677642907983.jpg 1 0 0 224 224
p/1677642907984.jpg 1 0 0 224 224
p/1677642907985.jpg 1 0 0 224 224
p/1677642907986.jpg 1 0 0 224 224
p/1677642907987.jpg 1 0 0 224 224
p/1677642907988.jpg 1 0 0 224 224
p/1677642907989.jpg 1 0 0 224 224
p/1677642907991.jpg 1 0 0 224 224
p/1677642907992.jpg 1 0 0 224 224
p/1677642907993.jpg 1 0 0 224 224
p/1677642907994.jpg 1 0 0 224 224
p/1677642907995.jpg 1 0 0 224 224
p/1677642907996.jpg 1 0 0 224 224
p/1677642907997.jpg 1 0 0 224 224
p/1677642907998.jpg 1 0 0 224 224
p/1677642907999.jpg 1 0 0 224 224
p/1677642908000.jpg 1 0 0 224 224
p/1677642908001.jpg 1 0 0 224 224
p/1677642908003.jpg 1 0 0 224 224
p/1677642908004.jpg 1 0 0 224 224
p/1677642908005.jpg 1 0 0 224 224
p/1677642908007.jpg 1 0 0 224 224
p/1677642908008.jpg 1 0 0 224 224
p/1677642908009.jpg 1 0 0 224 224
p/1677642908010.jpg 1 0 0 224 224
p/1677642908011.jpg 1 0 0 224 224
p/1677642908012.jpg 1 0 0 224 224
p/1677642908013.jpg 1 0 0 224 224
p/1677642908014.jpg 1 0 0 224 224
p/1677642908015.jpg 1 0 0 224 224
p/1677642908016.jpg 1 0 0 224 224
p/1677642908017.jpg 1 0 0 224 224
p/1677642908018.jpg 1 0 0 224 224
p/1677642908019.jpg 1 0 0 224 224
p/1677642908020.jpg 1 0 0 224 224
p/1677642908021.jpg 1 0 0 224 224
p/1677642908022.jpg 1 0 0 224 224
p/1677642908024.jpg 1 0 0 224 224
p/1677642908025.jpg 1 0 0 224 224
p/0.jpg 1 0 0 224 224
p/1.jpg 1 0 0 224 224
p/10.jpg 1 0 0 224 224
p/11.jpg 1 0 0 224 224
p/12.jpg 1 0 0 224 224
p/13.jpg 1 0 0 224 224
p/14.jpg 1 0 0 224 224
p/15.jpg 1 0 0 224 224
p/16.jpg 1 0 0 224 224
p/17.jpg 1 0 0 224 224
p/18.jpg 1 0 0 224 224
p/19.jpg 1 0 0 224 224
p/2.jpg 1 0 0 224 224
p/20.jpg 1 0 0 224 224
p/21.jpg 1 0 0 224 224
p/22.jpg 1 0 0 224 224
p/23.jpg 1 0 0 224 224
p/24.jpg 1 0 0 224 224
p/25.jpg 1 0 0 224 224
p/26.jpg 1 0 0 224 224
p/27.jpg 1 0 0 224 224
p/3.jpg 1 0 0 224 224
p/4.jpg 1 0 0 224 224
p/5.jpg 1 0 0 224 224
p/6.jpg 1 0 0 224 224
p/7.jpg 1 0 0 224 224
p/8.jpg 1 0 0 224 224
p/9.jpg 1 0 0 224 224